\BOOKMARK [0][]{portada.0}{\376\377\000P\000o\000r\000t\000a\000d\000a}{}% 1
\BOOKMARK [1][]{creditos.1}{\376\377\000C\000r\000\351\000d\000i\000t\000o\000s}{portada.0}% 2
\BOOKMARK [1][]{tribunal.1}{\376\377\000T\000r\000i\000b\000u\000n\000a\000l}{portada.0}% 3
\BOOKMARK [0][]{section*.1}{\376\377\000R\000e\000s\000u\000m\000e\000n}{}% 4
\BOOKMARK [0][]{section*.2}{\376\377\000A\000b\000s\000t\000r\000a\000c\000t}{}% 5
\BOOKMARK [0][]{chapter*.4}{\376\377\000A\000g\000r\000a\000d\000e\000c\000i\000m\000i\000e\000n\000t\000o\000s}{}% 6
\BOOKMARK [0][]{idx_toc.0}{\376\377\000\315\000n\000d\000i\000c\000e\000\040\000g\000e\000n\000e\000r\000a\000l}{}% 7
\BOOKMARK [0][]{section*.9}{\376\377\000\315\000n\000d\000i\000c\000e\000\040\000d\000e\000\040\000f\000i\000g\000u\000r\000a\000s}{}% 8
\BOOKMARK [0][]{section*.13}{\376\377\000\315\000n\000d\000i\000c\000e\000\040\000d\000e\000\040\000t\000a\000b\000l\000a\000s}{}% 9
\BOOKMARK [0][]{section*.15}{\376\377\000\315\000n\000d\000i\000c\000e\000\040\000d\000e\000\040\000l\000i\000s\000t\000a\000d\000o\000s}{}% 10
\BOOKMARK [0][]{chapter.1}{\376\377\0001\000\040\000I\000n\000t\000r\000o\000d\000u\000c\000c\000i\000\363\000n}{}% 11
\BOOKMARK [0][]{chapter.2}{\376\377\0002\000\040\000O\000b\000j\000e\000t\000i\000v\000o\000s}{}% 12
\BOOKMARK [0][]{chapter.3}{\376\377\0003\000\040\000E\000s\000t\000a\000d\000o\000\040\000d\000e\000l\000\040\000A\000r\000t\000e}{}% 13
\BOOKMARK [1][]{section.3.1}{\376\377\0003\000.\0001\000\040\000D\000i\000s\000p\000o\000s\000i\000t\000i\000v\000o\000s\000\040\000A\000R\000M}{chapter.3}% 14
\BOOKMARK [1][]{section.3.2}{\376\377\0003\000.\0002\000\040\000T\000\351\000c\000n\000i\000c\000a\000s\000\040\000d\000e\000\040\000a\000n\000\341\000l\000i\000s\000i\000s\000\040\000d\000e\000\040\000c\000o\000n\000s\000u\000m\000o}{chapter.3}% 15
\BOOKMARK [1][]{section.3.3}{\376\377\0003\000.\0003\000\040\000B\000e\000n\000c\000h\000m\000a\000r\000k}{chapter.3}% 16
\BOOKMARK [0][]{chapter.4}{\376\377\0004\000\040\000M\000e\000t\000o\000d\000o\000l\000o\000g\000\355\000a}{}% 17
\BOOKMARK [1][]{section.4.1}{\376\377\0004\000.\0001\000\040\000P\000r\000o\000c\000e\000s\000o\000s\000\040\000U\000n\000i\000f\000i\000c\000a\000d\000o\000\040\000d\000e\000\040\000D\000e\000s\000a\000r\000r\000o\000l\000l\000o}{chapter.4}% 18
\BOOKMARK [1][]{section.4.2}{\376\377\0004\000.\0002\000\040\000I\000t\000e\000r\000a\000c\000i\000o\000n\000e\000s}{chapter.4}% 19
\BOOKMARK [1][]{section.4.3}{\376\377\0004\000.\0003\000\040\000M\000a\000r\000c\000o\000\040\000t\000e\000c\000n\000o\000l\000\363\000g\000i\000c\000o}{chapter.4}% 20
\BOOKMARK [0][]{chapter.5}{\376\377\0005\000\040\000R\000e\000s\000u\000l\000t\000a\000d\000o\000s}{}% 21
\BOOKMARK [1][]{section.5.1}{\376\377\0005\000.\0001\000\040\000I\000t\000e\000r\000a\000c\000i\000\363\000n\000\040\0001\000\040\000-\000\040\000M\000o\000d\000e\000l\000o\000\040\000d\000e\000l\000\040\000s\000i\000s\000t\000e\000m\000a}{chapter.5}% 22
\BOOKMARK [1][]{section.5.2}{\376\377\0005\000.\0002\000\040\000I\000t\000e\000r\000a\000c\000i\000\363\000n\000\040\0002\000\040\000-\000\040\000E\000l\000e\000c\000c\000i\000\363\000n\000\040\000d\000e\000l\000\040\000s\000i\000m\000u\000l\000a\000d\000o\000r}{chapter.5}% 23
\BOOKMARK [1][]{section.5.3}{\376\377\0005\000.\0003\000\040\000I\000t\000e\000r\000a\000c\000i\000\363\000n\000\040\0003\000\040\000-\000\040\000D\000e\000s\000a\000r\000r\000o\000l\000l\000o\000\040\000d\000e\000l\000\040\000m\000a\000r\000c\000o\000\040\000t\000e\000\363\000r\000i\000c\000o}{chapter.5}% 24
\BOOKMARK [1][]{section.5.4}{\376\377\0005\000.\0004\000\040\000I\000t\000e\000r\000a\000c\000i\000\363\000n\000\040\0004\000\040\000-\000\040\000C\000o\000n\000f\000i\000g\000u\000r\000a\000c\000i\000\363\000n\000\040\000d\000e\000l\000\040\000e\000n\000t\000o\000r\000n\000o\000\040\000p\000a\000r\000a\000\040\000G\000e\000m\0005}{chapter.5}% 25
\BOOKMARK [1][]{section.5.5}{\376\377\0005\000.\0005\000\040\000I\000t\000e\000r\000a\000c\000i\000\363\000n\000\040\0005\000\040\000-\000\040\000C\000o\000n\000f\000i\000g\000u\000r\000a\000c\000i\000\363\000n\000\040\000d\000e\000l\000\040\000e\000n\000t\000o\000r\000n\000o\000\040\000p\000a\000r\000a\000\040\000P\000A\000P\000I}{chapter.5}% 26
\BOOKMARK [1][]{section.5.6}{\376\377\0005\000.\0006\000\040\000I\000t\000e\000r\000a\000c\000i\000\363\000n\000\040\0006\000\040\000-\000\040\000O\000b\000t\000e\000n\000c\000i\000\363\000n\000\040\000d\000e\000\040\000r\000e\000s\000u\000l\000t\000a\000d\000o\000s}{chapter.5}% 27
\BOOKMARK [1][]{section.5.7}{\376\377\0005\000.\0007\000\040\000I\000t\000e\000r\000a\000c\000i\000\363\000n\000\040\0007\000\040\000-\000\040\000C\000o\000m\000p\000a\000r\000a\000t\000i\000v\000a\000\040\000d\000e\000\040\000r\000e\000s\000u\000l\000t\000a\000d\000o\000s\000\040\000f\000r\000e\000n\000t\000e\000\040\000a\000\040\000m\000e\000d\000i\000c\000i\000o\000n\000e\000s\000\040\000c\000o\000n\000\040\000D\000M\000M}{chapter.5}% 28
\BOOKMARK [1][]{section.5.8}{\376\377\0005\000.\0008\000\040\000I\000t\000e\000r\000a\000c\000i\000\363\000n\000\040\0008\000\040\000-\000\040\000V\000a\000l\000i\000d\000a\000c\000i\000\363\000n\000\040\000d\000e\000l\000\040\000m\000a\000r\000c\000o\000\040\000t\000e\000\363\000r\000i\000c\000o\000\040\000d\000e\000\040\000m\000e\000d\000i\000c\000i\000\363\000n}{chapter.5}% 29
\BOOKMARK [0][]{chapter.6}{\376\377\0006\000\040\000C\000o\000n\000c\000l\000u\000s\000i\000o\000n\000e\000s}{}% 30
\BOOKMARK [1][]{section.6.1}{\376\377\0006\000.\0001\000\040\000J\000u\000s\000t\000i\000f\000i\000c\000a\000c\000i\000\363\000n\000\040\000d\000e\000\040\000c\000o\000m\000p\000e\000t\000e\000n\000c\000i\000a\000s\000\040\000a\000d\000q\000u\000i\000r\000i\000d\000a\000s}{chapter.6}% 31
\BOOKMARK [1][]{section.6.2}{\376\377\0006\000.\0002\000\040\000R\000e\000v\000i\000s\000i\000\363\000n\000\040\000d\000e\000\040\000l\000o\000s\000\040\000o\000b\000j\000e\000t\000i\000v\000o\000s}{chapter.6}% 32
\BOOKMARK [1][]{section.6.3}{\376\377\0006\000.\0003\000\040\000V\000a\000l\000o\000r\000a\000c\000i\000\363\000n\000\040\000c\000r\000\355\000t\000i\000c\000a\000\040\000d\000e\000l\000\040\000t\000r\000a\000b\000a\000j\000o}{chapter.6}% 33
\BOOKMARK [0][]{section*.101}{\376\377\000B\000i\000b\000l\000i\000o\000g\000r\000a\000f\000\355\000a}{}% 34
\BOOKMARK [0][]{appendix.Alph1}{\376\377\000A\000\040\000A\000n\000e\000x\000o\000\040\000:\000:\000\040\000C\000\363\000d\000i\000g\000o\000\040\000d\000e\000\040\000l\000o\000s\000\040\000b\000e\000n\000c\000h\000m\000a\000r\000k\000s\000\040\000u\000t\000i\000l\000i\000z\000a\000d\000o\000s}{}% 35
\BOOKMARK [0][]{appendix.Alph2}{\376\377\000B\000\040\000A\000n\000e\000x\000o\000\040\000:\000:\000\040\000E\000j\000e\000m\000p\000l\000o\000\040\000d\000e\000\040\000r\000e\000p\000o\000r\000t\000e\000\040\000r\000e\000d\000u\000c\000i\000d\000o\000\040\000d\000e\000\040\000G\000e\000m\0005}{}% 36
